INFO:     Will watch for changes in these directories: ['/Users/aleksandrvilcinskas/Desktop/Lani/personal-ai-assistant/services/orchestrator']
INFO:     Uvicorn running on http://127.0.0.1:8000 (Press CTRL+C to quit)
INFO:     Started reloader process [42895] using WatchFiles
Process SpawnProcess-1:
Traceback (most recent call last):
  File "/Library/Frameworks/Python.framework/Versions/3.13/lib/python3.13/multiprocessing/process.py", line 313, in _bootstrap
    self.run()
    ~~~~~~~~^^
  File "/Library/Frameworks/Python.framework/Versions/3.13/lib/python3.13/multiprocessing/process.py", line 108, in run
    self._target(*self._args, **self._kwargs)
    ~~~~~~~~~~~~^^^^^^^^^^^^^^^^^^^^^^^^^^^^^
  File "/Users/aleksandrvilcinskas/Desktop/Lani/personal-ai-assistant/services/orchestrator/.venv/lib/python3.13/site-packages/uvicorn/_subprocess.py", line 80, in subprocess_started
    target(sockets=sockets)
    ~~~~~~^^^^^^^^^^^^^^^^^
  File "/Users/aleksandrvilcinskas/Desktop/Lani/personal-ai-assistant/services/orchestrator/.venv/lib/python3.13/site-packages/uvicorn/server.py", line 75, in run
    return asyncio_run(self.serve(sockets=sockets), loop_factory=self.config.get_loop_factory())
  File "/Library/Frameworks/Python.framework/Versions/3.13/lib/python3.13/asyncio/runners.py", line 195, in run
    return runner.run(main)
           ~~~~~~~~~~^^^^^^
  File "/Library/Frameworks/Python.framework/Versions/3.13/lib/python3.13/asyncio/runners.py", line 118, in run
    return self._loop.run_until_complete(task)
           ~~~~~~~~~~~~~~~~~~~~~~~~~~~~~^^^^^^
  File "uvloop/loop.pyx", line 1518, in uvloop.loop.Loop.run_until_complete
  File "/Users/aleksandrvilcinskas/Desktop/Lani/personal-ai-assistant/services/orchestrator/.venv/lib/python3.13/site-packages/uvicorn/server.py", line 79, in serve
    await self._serve(sockets)
  File "/Users/aleksandrvilcinskas/Desktop/Lani/personal-ai-assistant/services/orchestrator/.venv/lib/python3.13/site-packages/uvicorn/server.py", line 86, in _serve
    config.load()
    ~~~~~~~~~~~^^
  File "/Users/aleksandrvilcinskas/Desktop/Lani/personal-ai-assistant/services/orchestrator/.venv/lib/python3.13/site-packages/uvicorn/config.py", line 441, in load
    self.loaded_app = import_from_string(self.app)
                      ~~~~~~~~~~~~~~~~~~^^^^^^^^^^
  File "/Users/aleksandrvilcinskas/Desktop/Lani/personal-ai-assistant/services/orchestrator/.venv/lib/python3.13/site-packages/uvicorn/importer.py", line 22, in import_from_string
    raise exc from None
  File "/Users/aleksandrvilcinskas/Desktop/Lani/personal-ai-assistant/services/orchestrator/.venv/lib/python3.13/site-packages/uvicorn/importer.py", line 19, in import_from_string
    module = importlib.import_module(module_str)
  File "/Library/Frameworks/Python.framework/Versions/3.13/lib/python3.13/importlib/__init__.py", line 88, in import_module
    return _bootstrap._gcd_import(name[level:], package, level)
           ~~~~~~~~~~~~~~~~~~~~~~^^^^^^^^^^^^^^^^^^^^^^^^^^^^^^
  File "<frozen importlib._bootstrap>", line 1387, in _gcd_import
  File "<frozen importlib._bootstrap>", line 1360, in _find_and_load
  File "<frozen importlib._bootstrap>", line 1331, in _find_and_load_unlocked
  File "<frozen importlib._bootstrap>", line 935, in _load_unlocked
  File "<frozen importlib._bootstrap_external>", line 1026, in exec_module
  File "<frozen importlib._bootstrap>", line 488, in _call_with_frames_removed
  File "/Users/aleksandrvilcinskas/Desktop/Lani/personal-ai-assistant/services/orchestrator/app/main.py", line 11, in <module>
    from app.api.routes import (
    ...<10 lines>...
    )
  File "/Users/aleksandrvilcinskas/Desktop/Lani/personal-ai-assistant/services/orchestrator/app/api/routes/commands.py", line 8, in <module>
    from app.services.command_router import route_command
  File "/Users/aleksandrvilcinskas/Desktop/Lani/personal-ai-assistant/services/orchestrator/app/services/command_router.py", line 19, in <module>
    from app.services.approval_service import create_approval_request
  File "/Users/aleksandrvilcinskas/Desktop/Lani/personal-ai-assistant/services/orchestrator/app/services/approval_service.py", line 13, in <module>
    from app.tools.registry import get_tool
  File "/Users/aleksandrvilcinskas/Desktop/Lani/personal-ai-assistant/services/orchestrator/app/tools/registry.py", line 19, in <module>
    from app.tools.research_tools import (
    ...<4 lines>...
    )
  File "/Users/aleksandrvilcinskas/Desktop/Lani/personal-ai-assistant/services/orchestrator/app/tools/research_tools.py", line 23, in <module>
    from app.services import research_service
  File "/Users/aleksandrvilcinskas/Desktop/Lani/personal-ai-assistant/services/orchestrator/app/services/research_service.py", line 44, in <module>
    from bs4 import BeautifulSoup
ModuleNotFoundError: No module named 'bs4'
WARNING:  WatchFiles detected changes in '.venv/lib/python3.13/site-packages/soupsieve/css_parser.py', '.venv/lib/python3.13/site-packages/bs4/element.py', '.venv/lib/python3.13/site-packages/bs4/builder/_html5lib.py', '.venv/lib/python3.13/site-packages/soupsieve/css_types.py', '.venv/lib/python3.13/site-packages/bs4/__init__.py', '.venv/lib/python3.13/site-packages/bs4/dammit.py', '.venv/lib/python3.13/site-packages/bs4/builder/_lxml.py', '.venv/lib/python3.13/site-packages/bs4/builder/_htmlparser.py', '.venv/lib/python3.13/site-packages/bs4/_deprecation.py', '.venv/lib/python3.13/site-packages/bs4/formatter.py', '.venv/lib/python3.13/site-packages/soupsieve/pretty.py', '.venv/lib/python3.13/site-packages/bs4/exceptions.py', '.venv/lib/python3.13/site-packages/soupsieve/css_match.py', '.venv/lib/python3.13/site-packages/soupsieve/__meta__.py', '.venv/lib/python3.13/site-packages/bs4/_typing.py', '.venv/lib/python3.13/site-packages/bs4/filter.py', '.venv/lib/python3.13/site-packages/bs4/builder/__init__.py', '.venv/lib/python3.13/site-packages/bs4/diagnose.py', '.venv/lib/python3.13/site-packages/soupsieve/__init__.py', '.venv/lib/python3.13/site-packages/soupsieve/util.py', '.venv/lib/python3.13/site-packages/bs4/_warnings.py', '.venv/lib/python3.13/site-packages/bs4/css.py'. Reloading...
Form data requires "python-multipart" to be installed. 
You can install "python-multipart" with: 

pip install python-multipart

Process SpawnProcess-2:
Traceback (most recent call last):
  File "/Library/Frameworks/Python.framework/Versions/3.13/lib/python3.13/multiprocessing/process.py", line 313, in _bootstrap
    self.run()
    ~~~~~~~~^^
  File "/Library/Frameworks/Python.framework/Versions/3.13/lib/python3.13/multiprocessing/process.py", line 108, in run
    self._target(*self._args, **self._kwargs)
    ~~~~~~~~~~~~^^^^^^^^^^^^^^^^^^^^^^^^^^^^^
  File "/Users/aleksandrvilcinskas/Desktop/Lani/personal-ai-assistant/services/orchestrator/.venv/lib/python3.13/site-packages/uvicorn/_subprocess.py", line 80, in subprocess_started
    target(sockets=sockets)
    ~~~~~~^^^^^^^^^^^^^^^^^
  File "/Users/aleksandrvilcinskas/Desktop/Lani/personal-ai-assistant/services/orchestrator/.venv/lib/python3.13/site-packages/uvicorn/server.py", line 75, in run
    return asyncio_run(self.serve(sockets=sockets), loop_factory=self.config.get_loop_factory())
  File "/Library/Frameworks/Python.framework/Versions/3.13/lib/python3.13/asyncio/runners.py", line 195, in run
    return runner.run(main)
           ~~~~~~~~~~^^^^^^
  File "/Library/Frameworks/Python.framework/Versions/3.13/lib/python3.13/asyncio/runners.py", line 118, in run
    return self._loop.run_until_complete(task)
           ~~~~~~~~~~~~~~~~~~~~~~~~~~~~~^^^^^^
  File "uvloop/loop.pyx", line 1518, in uvloop.loop.Loop.run_until_complete
  File "/Users/aleksandrvilcinskas/Desktop/Lani/personal-ai-assistant/services/orchestrator/.venv/lib/python3.13/site-packages/uvicorn/server.py", line 79, in serve
    await self._serve(sockets)
  File "/Users/aleksandrvilcinskas/Desktop/Lani/personal-ai-assistant/services/orchestrator/.venv/lib/python3.13/site-packages/uvicorn/server.py", line 86, in _serve
    config.load()
    ~~~~~~~~~~~^^
  File "/Users/aleksandrvilcinskas/Desktop/Lani/personal-ai-assistant/services/orchestrator/.venv/lib/python3.13/site-packages/uvicorn/config.py", line 441, in load
    self.loaded_app = import_from_string(self.app)
                      ~~~~~~~~~~~~~~~~~~^^^^^^^^^^
  File "/Users/aleksandrvilcinskas/Desktop/Lani/personal-ai-assistant/services/orchestrator/.venv/lib/python3.13/site-packages/uvicorn/importer.py", line 19, in import_from_string
    module = importlib.import_module(module_str)
  File "/Library/Frameworks/Python.framework/Versions/3.13/lib/python3.13/importlib/__init__.py", line 88, in import_module
    return _bootstrap._gcd_import(name[level:], package, level)
           ~~~~~~~~~~~~~~~~~~~~~~^^^^^^^^^^^^^^^^^^^^^^^^^^^^^^
  File "<frozen importlib._bootstrap>", line 1387, in _gcd_import
  File "<frozen importlib._bootstrap>", line 1360, in _find_and_load
  File "<frozen importlib._bootstrap>", line 1331, in _find_and_load_unlocked
  File "<frozen importlib._bootstrap>", line 935, in _load_unlocked
  File "<frozen importlib._bootstrap_external>", line 1026, in exec_module
  File "<frozen importlib._bootstrap>", line 488, in _call_with_frames_removed
  File "/Users/aleksandrvilcinskas/Desktop/Lani/personal-ai-assistant/services/orchestrator/app/main.py", line 11, in <module>
    from app.api.routes import (
    ...<10 lines>...
    )
  File "/Users/aleksandrvilcinskas/Desktop/Lani/personal-ai-assistant/services/orchestrator/app/api/routes/voice.py", line 52, in <module>
    @router.post(
     ~~~~~~~~~~~^
        "/voice/transcribe",
        ^^^^^^^^^^^^^^^^^^^^
    ...<7 lines>...
        ),
        ^^
    )
    ^
  File "/Users/aleksandrvilcinskas/Desktop/Lani/personal-ai-assistant/services/orchestrator/.venv/lib/python3.13/site-packages/fastapi/routing.py", line 1446, in decorator
    self.add_api_route(
    ~~~~~~~~~~~~~~~~~~^
        path,
        ^^^^^
    ...<23 lines>...
        generate_unique_id_function=generate_unique_id_function,
        ^^^^^^^^^^^^^^^^^^^^^^^^^^^^^^^^^^^^^^^^^^^^^^^^^^^^^^^^
    )
    ^
  File "/Users/aleksandrvilcinskas/Desktop/Lani/personal-ai-assistant/services/orchestrator/.venv/lib/python3.13/site-packages/fastapi/routing.py", line 1382, in add_api_route
    route = route_class(
        self.prefix + path,
    ...<27 lines>...
        ),
    )
  File "/Users/aleksandrvilcinskas/Desktop/Lani/personal-ai-assistant/services/orchestrator/.venv/lib/python3.13/site-packages/fastapi/routing.py", line 945, in __init__
    self.dependant = get_dependant(
                     ~~~~~~~~~~~~~^
        path=self.path_format, call=self.endpoint, scope="function"
        ^^^^^^^^^^^^^^^^^^^^^^^^^^^^^^^^^^^^^^^^^^^^^^^^^^^^^^^^^^^
    )
    ^
  File "/Users/aleksandrvilcinskas/Desktop/Lani/personal-ai-assistant/services/orchestrator/.venv/lib/python3.13/site-packages/fastapi/dependencies/utils.py", line 309, in get_dependant
    param_details = analyze_param(
        param_name=param_name,
    ...<2 lines>...
        is_path_param=is_path_param,
    )
  File "/Users/aleksandrvilcinskas/Desktop/Lani/personal-ai-assistant/services/orchestrator/.venv/lib/python3.13/site-packages/fastapi/dependencies/utils.py", line 532, in analyze_param
    ensure_multipart_is_installed()
    ~~~~~~~~~~~~~~~~~~~~~~~~~~~~~^^
  File "/Users/aleksandrvilcinskas/Desktop/Lani/personal-ai-assistant/services/orchestrator/.venv/lib/python3.13/site-packages/fastapi/dependencies/utils.py", line 118, in ensure_multipart_is_installed
    raise RuntimeError(multipart_not_installed_error) from None
RuntimeError: Form data requires "python-multipart" to be installed. 
You can install "python-multipart" with: 

pip install python-multipart

WARNING:  WatchFiles detected changes in '.venv/lib/python3.13/site-packages/multipart/exceptions.py', '.venv/lib/python3.13/site-packages/python_multipart/__init__.py', '.venv/lib/python3.13/site-packages/multipart/multipart.py', '.venv/lib/python3.13/site-packages/python_multipart/exceptions.py', '.venv/lib/python3.13/site-packages/multipart/__init__.py', '.venv/lib/python3.13/site-packages/python_multipart/decoders.py', '.venv/lib/python3.13/site-packages/multipart/decoders.py', '.venv/lib/python3.13/site-packages/python_multipart/multipart.py'. Reloading...
Process SpawnProcess-3:
Traceback (most recent call last):
  File "/Library/Frameworks/Python.framework/Versions/3.13/lib/python3.13/multiprocessing/process.py", line 313, in _bootstrap
    self.run()
    ~~~~~~~~^^
  File "/Library/Frameworks/Python.framework/Versions/3.13/lib/python3.13/multiprocessing/process.py", line 108, in run
    self._target(*self._args, **self._kwargs)
    ~~~~~~~~~~~~^^^^^^^^^^^^^^^^^^^^^^^^^^^^^
  File "/Users/aleksandrvilcinskas/Desktop/Lani/personal-ai-assistant/services/orchestrator/.venv/lib/python3.13/site-packages/uvicorn/_subprocess.py", line 80, in subprocess_started
    target(sockets=sockets)
    ~~~~~~^^^^^^^^^^^^^^^^^
  File "/Users/aleksandrvilcinskas/Desktop/Lani/personal-ai-assistant/services/orchestrator/.venv/lib/python3.13/site-packages/uvicorn/server.py", line 75, in run
    return asyncio_run(self.serve(sockets=sockets), loop_factory=self.config.get_loop_factory())
  File "/Library/Frameworks/Python.framework/Versions/3.13/lib/python3.13/asyncio/runners.py", line 195, in run
    return runner.run(main)
           ~~~~~~~~~~^^^^^^
  File "/Library/Frameworks/Python.framework/Versions/3.13/lib/python3.13/asyncio/runners.py", line 118, in run
    return self._loop.run_until_complete(task)
           ~~~~~~~~~~~~~~~~~~~~~~~~~~~~~^^^^^^
  File "uvloop/loop.pyx", line 1518, in uvloop.loop.Loop.run_until_complete
  File "/Users/aleksandrvilcinskas/Desktop/Lani/personal-ai-assistant/services/orchestrator/.venv/lib/python3.13/site-packages/uvicorn/server.py", line 79, in serve
    await self._serve(sockets)
  File "/Users/aleksandrvilcinskas/Desktop/Lani/personal-ai-assistant/services/orchestrator/.venv/lib/python3.13/site-packages/uvicorn/server.py", line 86, in _serve
    config.load()
    ~~~~~~~~~~~^^
  File "/Users/aleksandrvilcinskas/Desktop/Lani/personal-ai-assistant/services/orchestrator/.venv/lib/python3.13/site-packages/uvicorn/config.py", line 441, in load
    self.loaded_app = import_from_string(self.app)
                      ~~~~~~~~~~~~~~~~~~^^^^^^^^^^
  File "/Users/aleksandrvilcinskas/Desktop/Lani/personal-ai-assistant/services/orchestrator/.venv/lib/python3.13/site-packages/uvicorn/importer.py", line 19, in import_from_string
    module = importlib.import_module(module_str)
  File "/Library/Frameworks/Python.framework/Versions/3.13/lib/python3.13/importlib/__init__.py", line 88, in import_module
    return _bootstrap._gcd_import(name[level:], package, level)
           ~~~~~~~~~~~~~~~~~~~~~~^^^^^^^^^^^^^^^^^^^^^^^^^^^^^^
  File "<frozen importlib._bootstrap>", line 1387, in _gcd_import
  File "<frozen importlib._bootstrap>", line 1360, in _find_and_load
  File "<frozen importlib._bootstrap>", line 1331, in _find_and_load_unlocked
  File "<frozen importlib._bootstrap>", line 935, in _load_unlocked
  File "<frozen importlib._bootstrap_external>", line 1026, in exec_module
  File "<frozen importlib._bootstrap>", line 488, in _call_with_frames_removed
  File "/Users/aleksandrvilcinskas/Desktop/Lani/personal-ai-assistant/services/orchestrator/app/main.py", line 11, in <module>
    from app.api.routes import (
    ...<10 lines>...
    )
  File "/Users/aleksandrvilcinskas/Desktop/Lani/personal-ai-assistant/services/orchestrator/app/api/routes/security.py", line 36, in <module>
    @router.post("/security/unlock")
     ~~~~~~~~~~~^^^^^^^^^^^^^^^^^^^^
  File "/Users/aleksandrvilcinskas/Desktop/Lani/personal-ai-assistant/services/orchestrator/.venv/lib/python3.13/site-packages/fastapi/routing.py", line 1446, in decorator
    self.add_api_route(
    ~~~~~~~~~~~~~~~~~~^
        path,
        ^^^^^
    ...<23 lines>...
        generate_unique_id_function=generate_unique_id_function,
        ^^^^^^^^^^^^^^^^^^^^^^^^^^^^^^^^^^^^^^^^^^^^^^^^^^^^^^^^
    )
    ^
  File "/Users/aleksandrvilcinskas/Desktop/Lani/personal-ai-assistant/services/orchestrator/.venv/lib/python3.13/site-packages/fastapi/routing.py", line 1382, in add_api_route
    route = route_class(
        self.prefix + path,
    ...<27 lines>...
        ),
    )
  File "/Users/aleksandrvilcinskas/Desktop/Lani/personal-ai-assistant/services/orchestrator/.venv/lib/python3.13/site-packages/fastapi/routing.py", line 945, in __init__
    self.dependant = get_dependant(
                     ~~~~~~~~~~~~~^
        path=self.path_format, call=self.endpoint, scope="function"
        ^^^^^^^^^^^^^^^^^^^^^^^^^^^^^^^^^^^^^^^^^^^^^^^^^^^^^^^^^^^
    )
    ^
  File "/Users/aleksandrvilcinskas/Desktop/Lani/personal-ai-assistant/services/orchestrator/.venv/lib/python3.13/site-packages/fastapi/dependencies/utils.py", line 309, in get_dependant
    param_details = analyze_param(
        param_name=param_name,
    ...<2 lines>...
        is_path_param=is_path_param,
    )
  File "/Users/aleksandrvilcinskas/Desktop/Lani/personal-ai-assistant/services/orchestrator/.venv/lib/python3.13/site-packages/fastapi/dependencies/utils.py", line 538, in analyze_param
    field = create_model_field(
        name=param_name,
    ...<3 lines>...
        field_info=field_info,
    )
  File "/Users/aleksandrvilcinskas/Desktop/Lani/personal-ai-assistant/services/orchestrator/.venv/lib/python3.13/site-packages/fastapi/utils.py", line 75, in create_model_field
    raise fastapi.exceptions.FastAPIError(
        _invalid_args_message.format(type_=type_)
    ) from None
fastapi.exceptions.FastAPIError: Invalid args for response field! Hint: check that <class 'sqlalchemy.ext.asyncio.session.AsyncSession'> is a valid Pydantic field type. If you are using a return type annotation that is not a valid Pydantic field (e.g. Union[Response, dict, None]) you can disable generating the response model from the type annotation with the path operation decorator parameter response_model=None. Read more: https://fastapi.tiangolo.com/tutorial/response-model/
WARNING:  WatchFiles detected changes in 'app/api/routes/security.py'. Reloading...
INFO:     Started server process [44512]
INFO:     Waiting for application startup.
ERROR:    Traceback (most recent call last):
  File "/Users/aleksandrvilcinskas/Desktop/Lani/personal-ai-assistant/services/orchestrator/.venv/lib/python3.13/site-packages/starlette/routing.py", line 694, in lifespan
    async with self.lifespan_context(app) as maybe_state:
               ~~~~~~~~~~~~~~~~~~~~~^^^^^
  File "/Library/Frameworks/Python.framework/Versions/3.13/lib/python3.13/contextlib.py", line 214, in __aenter__
    return await anext(self.gen)
           ^^^^^^^^^^^^^^^^^^^^^
  File "/Users/aleksandrvilcinskas/Desktop/Lani/personal-ai-assistant/services/orchestrator/.venv/lib/python3.13/site-packages/fastapi/routing.py", line 212, in merged_lifespan
    async with original_context(app) as maybe_original_state:
               ~~~~~~~~~~~~~~~~^^^^^
  File "/Library/Frameworks/Python.framework/Versions/3.13/lib/python3.13/contextlib.py", line 214, in __aenter__
    return await anext(self.gen)
           ^^^^^^^^^^^^^^^^^^^^^
  File "/Users/aleksandrvilcinskas/Desktop/Lani/personal-ai-assistant/services/orchestrator/.venv/lib/python3.13/site-packages/fastapi/routing.py", line 212, in merged_lifespan
    async with original_context(app) as maybe_original_state:
               ~~~~~~~~~~~~~~~~^^^^^
  File "/Library/Frameworks/Python.framework/Versions/3.13/lib/python3.13/contextlib.py", line 214, in __aenter__
    return await anext(self.gen)
           ^^^^^^^^^^^^^^^^^^^^^
  File "/Users/aleksandrvilcinskas/Desktop/Lani/personal-ai-assistant/services/orchestrator/.venv/lib/python3.13/site-packages/fastapi/routing.py", line 212, in merged_lifespan
    async with original_context(app) as maybe_original_state:
               ~~~~~~~~~~~~~~~~^^^^^
  File "/Library/Frameworks/Python.framework/Versions/3.13/lib/python3.13/contextlib.py", line 214, in __aenter__
    return await anext(self.gen)
           ^^^^^^^^^^^^^^^^^^^^^
  File "/Users/aleksandrvilcinskas/Desktop/Lani/personal-ai-assistant/services/orchestrator/.venv/lib/python3.13/site-packages/fastapi/routing.py", line 212, in merged_lifespan
    async with original_context(app) as maybe_original_state:
               ~~~~~~~~~~~~~~~~^^^^^
  File "/Library/Frameworks/Python.framework/Versions/3.13/lib/python3.13/contextlib.py", line 214, in __aenter__
    return await anext(self.gen)
           ^^^^^^^^^^^^^^^^^^^^^
  File "/Users/aleksandrvilcinskas/Desktop/Lani/personal-ai-assistant/services/orchestrator/.venv/lib/python3.13/site-packages/fastapi/routing.py", line 212, in merged_lifespan
    async with original_context(app) as maybe_original_state:
               ~~~~~~~~~~~~~~~~^^^^^
  File "/Library/Frameworks/Python.framework/Versions/3.13/lib/python3.13/contextlib.py", line 214, in __aenter__
    return await anext(self.gen)
           ^^^^^^^^^^^^^^^^^^^^^
  File "/Users/aleksandrvilcinskas/Desktop/Lani/personal-ai-assistant/services/orchestrator/.venv/lib/python3.13/site-packages/fastapi/routing.py", line 212, in merged_lifespan
    async with original_context(app) as maybe_original_state:
               ~~~~~~~~~~~~~~~~^^^^^
  File "/Library/Frameworks/Python.framework/Versions/3.13/lib/python3.13/contextlib.py", line 214, in __aenter__
    return await anext(self.gen)
           ^^^^^^^^^^^^^^^^^^^^^
  File "/Users/aleksandrvilcinskas/Desktop/Lani/personal-ai-assistant/services/orchestrator/.venv/lib/python3.13/site-packages/fastapi/routing.py", line 212, in merged_lifespan
    async with original_context(app) as maybe_original_state:
               ~~~~~~~~~~~~~~~~^^^^^
  File "/Library/Frameworks/Python.framework/Versions/3.13/lib/python3.13/contextlib.py", line 214, in __aenter__
    return await anext(self.gen)
           ^^^^^^^^^^^^^^^^^^^^^
  File "/Users/aleksandrvilcinskas/Desktop/Lani/personal-ai-assistant/services/orchestrator/.venv/lib/python3.13/site-packages/fastapi/routing.py", line 212, in merged_lifespan
    async with original_context(app) as maybe_original_state:
               ~~~~~~~~~~~~~~~~^^^^^
  File "/Library/Frameworks/Python.framework/Versions/3.13/lib/python3.13/contextlib.py", line 214, in __aenter__
    return await anext(self.gen)
           ^^^^^^^^^^^^^^^^^^^^^
  File "/Users/aleksandrvilcinskas/Desktop/Lani/personal-ai-assistant/services/orchestrator/.venv/lib/python3.13/site-packages/fastapi/routing.py", line 212, in merged_lifespan
    async with original_context(app) as maybe_original_state:
               ~~~~~~~~~~~~~~~~^^^^^
  File "/Library/Frameworks/Python.framework/Versions/3.13/lib/python3.13/contextlib.py", line 214, in __aenter__
    return await anext(self.gen)
           ^^^^^^^^^^^^^^^^^^^^^
  File "/Users/aleksandrvilcinskas/Desktop/Lani/personal-ai-assistant/services/orchestrator/.venv/lib/python3.13/site-packages/fastapi/routing.py", line 212, in merged_lifespan
    async with original_context(app) as maybe_original_state:
               ~~~~~~~~~~~~~~~~^^^^^
  File "/Library/Frameworks/Python.framework/Versions/3.13/lib/python3.13/contextlib.py", line 214, in __aenter__
    return await anext(self.gen)
           ^^^^^^^^^^^^^^^^^^^^^
  File "/Users/aleksandrvilcinskas/Desktop/Lani/personal-ai-assistant/services/orchestrator/app/main.py", line 28, in lifespan
    await init_db()
  File "/Users/aleksandrvilcinskas/Desktop/Lani/personal-ai-assistant/services/orchestrator/app/core/database.py", line 39, in init_db
    async with engine.begin() as conn:
               ~~~~~~~~~~~~^^
  File "/Library/Frameworks/Python.framework/Versions/3.13/lib/python3.13/contextlib.py", line 214, in __aenter__
    return await anext(self.gen)
           ^^^^^^^^^^^^^^^^^^^^^
  File "/Users/aleksandrvilcinskas/Desktop/Lani/personal-ai-assistant/services/orchestrator/.venv/lib/python3.13/site-packages/sqlalchemy/ext/asyncio/engine.py", line 1068, in begin
    async with conn:
               ^^^^
  File "/Users/aleksandrvilcinskas/Desktop/Lani/personal-ai-assistant/services/orchestrator/.venv/lib/python3.13/site-packages/sqlalchemy/ext/asyncio/base.py", line 121, in __aenter__
    return await self.start(is_ctxmanager=True)
           ^^^^^^^^^^^^^^^^^^^^^^^^^^^^^^^^^^^^
  File "/Users/aleksandrvilcinskas/Desktop/Lani/personal-ai-assistant/services/orchestrator/.venv/lib/python3.13/site-packages/sqlalchemy/ext/asyncio/engine.py", line 275, in start
    await greenlet_spawn(self.sync_engine.connect)
          ~~~~~~~~~~~~~~^^^^^^^^^^^^^^^^^^^^^^^^^^
  File "/Users/aleksandrvilcinskas/Desktop/Lani/personal-ai-assistant/services/orchestrator/.venv/lib/python3.13/site-packages/sqlalchemy/util/concurrency.py", line 101, in greenlet_spawn
    _not_implemented()
    ~~~~~~~~~~~~~~~~^^
  File "/Users/aleksandrvilcinskas/Desktop/Lani/personal-ai-assistant/services/orchestrator/.venv/lib/python3.13/site-packages/sqlalchemy/util/concurrency.py", line 81, in _not_implemented
    raise ValueError(
    ...<4 lines>...
    )
ValueError: the greenlet library is required to use this function. No module named 'greenlet'

ERROR:    Application startup failed. Exiting.
WARNING:  WatchFiles detected changes in 'app/api/routes/security.py'. Reloading...
INFO:     Started server process [44776]
INFO:     Waiting for application startup.
ERROR:    Traceback (most recent call last):
  File "/Users/aleksandrvilcinskas/Desktop/Lani/personal-ai-assistant/services/orchestrator/.venv/lib/python3.13/site-packages/starlette/routing.py", line 694, in lifespan
    async with self.lifespan_context(app) as maybe_state:
               ~~~~~~~~~~~~~~~~~~~~~^^^^^
  File "/Library/Frameworks/Python.framework/Versions/3.13/lib/python3.13/contextlib.py", line 214, in __aenter__
    return await anext(self.gen)
           ^^^^^^^^^^^^^^^^^^^^^
  File "/Users/aleksandrvilcinskas/Desktop/Lani/personal-ai-assistant/services/orchestrator/.venv/lib/python3.13/site-packages/fastapi/routing.py", line 212, in merged_lifespan
    async with original_context(app) as maybe_original_state:
               ~~~~~~~~~~~~~~~~^^^^^
  File "/Library/Frameworks/Python.framework/Versions/3.13/lib/python3.13/contextlib.py", line 214, in __aenter__
    return await anext(self.gen)
           ^^^^^^^^^^^^^^^^^^^^^
  File "/Users/aleksandrvilcinskas/Desktop/Lani/personal-ai-assistant/services/orchestrator/.venv/lib/python3.13/site-packages/fastapi/routing.py", line 212, in merged_lifespan
    async with original_context(app) as maybe_original_state:
               ~~~~~~~~~~~~~~~~^^^^^
  File "/Library/Frameworks/Python.framework/Versions/3.13/lib/python3.13/contextlib.py", line 214, in __aenter__
    return await anext(self.gen)
           ^^^^^^^^^^^^^^^^^^^^^
  File "/Users/aleksandrvilcinskas/Desktop/Lani/personal-ai-assistant/services/orchestrator/.venv/lib/python3.13/site-packages/fastapi/routing.py", line 212, in merged_lifespan
    async with original_context(app) as maybe_original_state:
               ~~~~~~~~~~~~~~~~^^^^^
  File "/Library/Frameworks/Python.framework/Versions/3.13/lib/python3.13/contextlib.py", line 214, in __aenter__
    return await anext(self.gen)
           ^^^^^^^^^^^^^^^^^^^^^
  File "/Users/aleksandrvilcinskas/Desktop/Lani/personal-ai-assistant/services/orchestrator/.venv/lib/python3.13/site-packages/fastapi/routing.py", line 212, in merged_lifespan
    async with original_context(app) as maybe_original_state:
               ~~~~~~~~~~~~~~~~^^^^^
  File "/Library/Frameworks/Python.framework/Versions/3.13/lib/python3.13/contextlib.py", line 214, in __aenter__
    return await anext(self.gen)
           ^^^^^^^^^^^^^^^^^^^^^
  File "/Users/aleksandrvilcinskas/Desktop/Lani/personal-ai-assistant/services/orchestrator/.venv/lib/python3.13/site-packages/fastapi/routing.py", line 212, in merged_lifespan
    async with original_context(app) as maybe_original_state:
               ~~~~~~~~~~~~~~~~^^^^^
  File "/Library/Frameworks/Python.framework/Versions/3.13/lib/python3.13/contextlib.py", line 214, in __aenter__
    return await anext(self.gen)
           ^^^^^^^^^^^^^^^^^^^^^
  File "/Users/aleksandrvilcinskas/Desktop/Lani/personal-ai-assistant/services/orchestrator/.venv/lib/python3.13/site-packages/fastapi/routing.py", line 212, in merged_lifespan
    async with original_context(app) as maybe_original_state:
               ~~~~~~~~~~~~~~~~^^^^^
  File "/Library/Frameworks/Python.framework/Versions/3.13/lib/python3.13/contextlib.py", line 214, in __aenter__
    return await anext(self.gen)
           ^^^^^^^^^^^^^^^^^^^^^
  File "/Users/aleksandrvilcinskas/Desktop/Lani/personal-ai-assistant/services/orchestrator/.venv/lib/python3.13/site-packages/fastapi/routing.py", line 212, in merged_lifespan
    async with original_context(app) as maybe_original_state:
               ~~~~~~~~~~~~~~~~^^^^^
  File "/Library/Frameworks/Python.framework/Versions/3.13/lib/python3.13/contextlib.py", line 214, in __aenter__
    return await anext(self.gen)
           ^^^^^^^^^^^^^^^^^^^^^
  File "/Users/aleksandrvilcinskas/Desktop/Lani/personal-ai-assistant/services/orchestrator/.venv/lib/python3.13/site-packages/fastapi/routing.py", line 212, in merged_lifespan
    async with original_context(app) as maybe_original_state:
               ~~~~~~~~~~~~~~~~^^^^^
  File "/Library/Frameworks/Python.framework/Versions/3.13/lib/python3.13/contextlib.py", line 214, in __aenter__
    return await anext(self.gen)
           ^^^^^^^^^^^^^^^^^^^^^
  File "/Users/aleksandrvilcinskas/Desktop/Lani/personal-ai-assistant/services/orchestrator/.venv/lib/python3.13/site-packages/fastapi/routing.py", line 212, in merged_lifespan
    async with original_context(app) as maybe_original_state:
               ~~~~~~~~~~~~~~~~^^^^^
  File "/Library/Frameworks/Python.framework/Versions/3.13/lib/python3.13/contextlib.py", line 214, in __aenter__
    return await anext(self.gen)
           ^^^^^^^^^^^^^^^^^^^^^
  File "/Users/aleksandrvilcinskas/Desktop/Lani/personal-ai-assistant/services/orchestrator/.venv/lib/python3.13/site-packages/fastapi/routing.py", line 212, in merged_lifespan
    async with original_context(app) as maybe_original_state:
               ~~~~~~~~~~~~~~~~^^^^^
  File "/Library/Frameworks/Python.framework/Versions/3.13/lib/python3.13/contextlib.py", line 214, in __aenter__
    return await anext(self.gen)
           ^^^^^^^^^^^^^^^^^^^^^
  File "/Users/aleksandrvilcinskas/Desktop/Lani/personal-ai-assistant/services/orchestrator/app/main.py", line 28, in lifespan
    await init_db()
  File "/Users/aleksandrvilcinskas/Desktop/Lani/personal-ai-assistant/services/orchestrator/app/core/database.py", line 39, in init_db
    async with engine.begin() as conn:
               ~~~~~~~~~~~~^^
  File "/Library/Frameworks/Python.framework/Versions/3.13/lib/python3.13/contextlib.py", line 214, in __aenter__
    return await anext(self.gen)
           ^^^^^^^^^^^^^^^^^^^^^
  File "/Users/aleksandrvilcinskas/Desktop/Lani/personal-ai-assistant/services/orchestrator/.venv/lib/python3.13/site-packages/sqlalchemy/ext/asyncio/engine.py", line 1068, in begin
    async with conn:
               ^^^^
  File "/Users/aleksandrvilcinskas/Desktop/Lani/personal-ai-assistant/services/orchestrator/.venv/lib/python3.13/site-packages/sqlalchemy/ext/asyncio/base.py", line 121, in __aenter__
    return await self.start(is_ctxmanager=True)
           ^^^^^^^^^^^^^^^^^^^^^^^^^^^^^^^^^^^^
  File "/Users/aleksandrvilcinskas/Desktop/Lani/personal-ai-assistant/services/orchestrator/.venv/lib/python3.13/site-packages/sqlalchemy/ext/asyncio/engine.py", line 275, in start
    await greenlet_spawn(self.sync_engine.connect)
          ~~~~~~~~~~~~~~^^^^^^^^^^^^^^^^^^^^^^^^^^
  File "/Users/aleksandrvilcinskas/Desktop/Lani/personal-ai-assistant/services/orchestrator/.venv/lib/python3.13/site-packages/sqlalchemy/util/concurrency.py", line 101, in greenlet_spawn
    _not_implemented()
    ~~~~~~~~~~~~~~~~^^
  File "/Users/aleksandrvilcinskas/Desktop/Lani/personal-ai-assistant/services/orchestrator/.venv/lib/python3.13/site-packages/sqlalchemy/util/concurrency.py", line 81, in _not_implemented
    raise ValueError(
    ...<4 lines>...
    )
ValueError: the greenlet library is required to use this function. No module named 'greenlet'

ERROR:    Application startup failed. Exiting.
WARNING:  WatchFiles detected changes in '.venv/lib/python3.13/site-packages/greenlet/tests/test_weakref.py', '.venv/lib/python3.13/site-packages/greenlet/tests/test_generator_nested.py', '.venv/lib/python3.13/site-packages/greenlet/tests/__init__.py', '.venv/lib/python3.13/site-packages/greenlet/tests/leakcheck.py', '.venv/lib/python3.13/site-packages/greenlet/tests/test_generator.py', '.venv/lib/python3.13/site-packages/greenlet/tests/test_gc.py', '.venv/lib/python3.13/site-packages/greenlet/tests/test_throw.py', '.venv/lib/python3.13/site-packages/greenlet/tests/fail_switch_three_greenlets2.py', '.venv/lib/python3.13/site-packages/greenlet/tests/fail_clearing_run_switches.py', '.venv/lib/python3.13/site-packages/greenlet/tests/test_tracing.py', '.venv/lib/python3.13/site-packages/greenlet/tests/test_greenlet.py', '.venv/lib/python3.13/site-packages/greenlet/tests/fail_switch_three_greenlets.py', '.venv/lib/python3.13/site-packages/greenlet/tests/test_leaks.py', '.venv/lib/python3.13/site-packages/greenlet/tests/fail_slp_switch.py', '.venv/lib/python3.13/site-packages/greenlet/tests/test_interpreter_shutdown.py', '.venv/lib/python3.13/site-packages/greenlet/__init__.py', '.venv/lib/python3.13/site-packages/greenlet/tests/fail_initialstub_already_started.py', '.venv/lib/python3.13/site-packages/greenlet/tests/test_version.py', '.venv/lib/python3.13/site-packages/greenlet/tests/test_greenlet_trash.py', '.venv/lib/python3.13/site-packages/greenlet/tests/test_cpp.py', '.venv/lib/python3.13/site-packages/greenlet/tests/test_stack_saved.py', '.venv/lib/python3.13/site-packages/greenlet/tests/test_contextvars.py', '.venv/lib/python3.13/site-packages/greenlet/tests/test_extension_interface.py', '.venv/lib/python3.13/site-packages/greenlet/tests/fail_switch_two_greenlets.py', '.venv/lib/python3.13/site-packages/greenlet/platform/__init__.py', '.venv/lib/python3.13/site-packages/greenlet/tests/fail_cpp_exception.py'. Reloading...
INFO:     Started server process [45052]
INFO:     Waiting for application startup.
INFO:     Application startup complete.
INFO:     127.0.0.1:53930 - "GET /api/v1/health HTTP/1.1" 200 OK
INFO:     127.0.0.1:53931 - "GET /api/v1/settings HTTP/1.1" 500 Internal Server Error
ERROR:    Exception in ASGI application
Traceback (most recent call last):
  File "/Users/aleksandrvilcinskas/Desktop/Lani/personal-ai-assistant/services/orchestrator/.venv/lib/python3.13/site-packages/sqlalchemy/engine/base.py", line 1967, in _exec_single_context
    self.dialect.do_execute(
    ~~~~~~~~~~~~~~~~~~~~~~~^
        cursor, str_statement, effective_parameters, context
        ^^^^^^^^^^^^^^^^^^^^^^^^^^^^^^^^^^^^^^^^^^^^^^^^^^^^
    )
    ^
  File "/Users/aleksandrvilcinskas/Desktop/Lani/personal-ai-assistant/services/orchestrator/.venv/lib/python3.13/site-packages/sqlalchemy/engine/default.py", line 952, in do_execute
    cursor.execute(statement, parameters)
    ~~~~~~~~~~~~~~^^^^^^^^^^^^^^^^^^^^^^^
  File "/Users/aleksandrvilcinskas/Desktop/Lani/personal-ai-assistant/services/orchestrator/.venv/lib/python3.13/site-packages/sqlalchemy/dialects/sqlite/aiosqlite.py", line 182, in execute
    self._adapt_connection._handle_exception(error)
    ~~~~~~~~~~~~~~~~~~~~~~~~~~~~~~~~~~~~~~~~^^^^^^^
  File "/Users/aleksandrvilcinskas/Desktop/Lani/personal-ai-assistant/services/orchestrator/.venv/lib/python3.13/site-packages/sqlalchemy/dialects/sqlite/aiosqlite.py", line 342, in _handle_exception
    raise error
  File "/Users/aleksandrvilcinskas/Desktop/Lani/personal-ai-assistant/services/orchestrator/.venv/lib/python3.13/site-packages/sqlalchemy/dialects/sqlite/aiosqlite.py", line 164, in execute
    self.await_(_cursor.execute(operation, parameters))
    ~~~~~~~~~~~^^^^^^^^^^^^^^^^^^^^^^^^^^^^^^^^^^^^^^^^
  File "/Users/aleksandrvilcinskas/Desktop/Lani/personal-ai-assistant/services/orchestrator/.venv/lib/python3.13/site-packages/sqlalchemy/util/_concurrency_py3k.py", line 132, in await_only
    return current.parent.switch(awaitable)  # type: ignore[no-any-return,attr-defined] # noqa: E501
           ~~~~~~~~~~~~~~~~~~~~~^^^^^^^^^^^
  File "/Users/aleksandrvilcinskas/Desktop/Lani/personal-ai-assistant/services/orchestrator/.venv/lib/python3.13/site-packages/sqlalchemy/util/_concurrency_py3k.py", line 196, in greenlet_spawn
    value = await result
            ^^^^^^^^^^^^
  File "/Users/aleksandrvilcinskas/Desktop/Lani/personal-ai-assistant/services/orchestrator/.venv/lib/python3.13/site-packages/aiosqlite/cursor.py", line 40, in execute
    await self._execute(self._cursor.execute, sql, parameters)
  File "/Users/aleksandrvilcinskas/Desktop/Lani/personal-ai-assistant/services/orchestrator/.venv/lib/python3.13/site-packages/aiosqlite/cursor.py", line 32, in _execute
    return await self._conn._execute(fn, *args, **kwargs)
           ^^^^^^^^^^^^^^^^^^^^^^^^^^^^^^^^^^^^^^^^^^^^^^
  File "/Users/aleksandrvilcinskas/Desktop/Lani/personal-ai-assistant/services/orchestrator/.venv/lib/python3.13/site-packages/aiosqlite/core.py", line 160, in _execute
    return await future
           ^^^^^^^^^^^^
  File "/Users/aleksandrvilcinskas/Desktop/Lani/personal-ai-assistant/services/orchestrator/.venv/lib/python3.13/site-packages/aiosqlite/core.py", line 63, in _connection_worker_thread
    result = function()
sqlite3.OperationalError: no such column: user_settings.ui_language

The above exception was the direct cause of the following exception:

Traceback (most recent call last):
  File "/Users/aleksandrvilcinskas/Desktop/Lani/personal-ai-assistant/services/orchestrator/.venv/lib/python3.13/site-packages/uvicorn/protocols/http/httptools_impl.py", line 416, in run_asgi
    result = await app(  # type: ignore[func-returns-value]
             ^^^^^^^^^^^^^^^^^^^^^^^^^^^^^^^^^^^^^^^^^^^^^^
        self.scope, self.receive, self.send
        ^^^^^^^^^^^^^^^^^^^^^^^^^^^^^^^^^^^
    )
    ^
  File "/Users/aleksandrvilcinskas/Desktop/Lani/personal-ai-assistant/services/orchestrator/.venv/lib/python3.13/site-packages/uvicorn/middleware/proxy_headers.py", line 60, in __call__
    return await self.app(scope, receive, send)
           ^^^^^^^^^^^^^^^^^^^^^^^^^^^^^^^^^^^^
  File "/Users/aleksandrvilcinskas/Desktop/Lani/personal-ai-assistant/services/orchestrator/.venv/lib/python3.13/site-packages/fastapi/applications.py", line 1160, in __call__
    await super().__call__(scope, receive, send)
  File "/Users/aleksandrvilcinskas/Desktop/Lani/personal-ai-assistant/services/orchestrator/.venv/lib/python3.13/site-packages/starlette/applications.py", line 107, in __call__
    await self.middleware_stack(scope, receive, send)
  File "/Users/aleksandrvilcinskas/Desktop/Lani/personal-ai-assistant/services/orchestrator/.venv/lib/python3.13/site-packages/starlette/middleware/errors.py", line 186, in __call__
    raise exc
  File "/Users/aleksandrvilcinskas/Desktop/Lani/personal-ai-assistant/services/orchestrator/.venv/lib/python3.13/site-packages/starlette/middleware/errors.py", line 164, in __call__
    await self.app(scope, receive, _send)
  File "/Users/aleksandrvilcinskas/Desktop/Lani/personal-ai-assistant/services/orchestrator/.venv/lib/python3.13/site-packages/starlette/middleware/cors.py", line 87, in __call__
    await self.app(scope, receive, send)
  File "/Users/aleksandrvilcinskas/Desktop/Lani/personal-ai-assistant/services/orchestrator/.venv/lib/python3.13/site-packages/starlette/middleware/exceptions.py", line 63, in __call__
    await wrap_app_handling_exceptions(self.app, conn)(scope, receive, send)
  File "/Users/aleksandrvilcinskas/Desktop/Lani/personal-ai-assistant/services/orchestrator/.venv/lib/python3.13/site-packages/starlette/_exception_handler.py", line 53, in wrapped_app
    raise exc
  File "/Users/aleksandrvilcinskas/Desktop/Lani/personal-ai-assistant/services/orchestrator/.venv/lib/python3.13/site-packages/starlette/_exception_handler.py", line 42, in wrapped_app
    await app(scope, receive, sender)
  File "/Users/aleksandrvilcinskas/Desktop/Lani/personal-ai-assistant/services/orchestrator/.venv/lib/python3.13/site-packages/fastapi/middleware/asyncexitstack.py", line 18, in __call__
    await self.app(scope, receive, send)
  File "/Users/aleksandrvilcinskas/Desktop/Lani/personal-ai-assistant/services/orchestrator/.venv/lib/python3.13/site-packages/starlette/routing.py", line 716, in __call__
    await self.middleware_stack(scope, receive, send)
  File "/Users/aleksandrvilcinskas/Desktop/Lani/personal-ai-assistant/services/orchestrator/.venv/lib/python3.13/site-packages/starlette/routing.py", line 736, in app
    await route.handle(scope, receive, send)
  File "/Users/aleksandrvilcinskas/Desktop/Lani/personal-ai-assistant/services/orchestrator/.venv/lib/python3.13/site-packages/starlette/routing.py", line 290, in handle
    await self.app(scope, receive, send)
  File "/Users/aleksandrvilcinskas/Desktop/Lani/personal-ai-assistant/services/orchestrator/.venv/lib/python3.13/site-packages/fastapi/routing.py", line 130, in app
    await wrap_app_handling_exceptions(app, request)(scope, receive, send)
  File "/Users/aleksandrvilcinskas/Desktop/Lani/personal-ai-assistant/services/orchestrator/.venv/lib/python3.13/site-packages/starlette/_exception_handler.py", line 53, in wrapped_app
    raise exc
  File "/Users/aleksandrvilcinskas/Desktop/Lani/personal-ai-assistant/services/orchestrator/.venv/lib/python3.13/site-packages/starlette/_exception_handler.py", line 42, in wrapped_app
    await app(scope, receive, sender)
  File "/Users/aleksandrvilcinskas/Desktop/Lani/personal-ai-assistant/services/orchestrator/.venv/lib/python3.13/site-packages/fastapi/routing.py", line 116, in app
    response = await f(request)
               ^^^^^^^^^^^^^^^^
  File "/Users/aleksandrvilcinskas/Desktop/Lani/personal-ai-assistant/services/orchestrator/.venv/lib/python3.13/site-packages/fastapi/routing.py", line 670, in app
    raw_response = await run_endpoint_function(
                   ^^^^^^^^^^^^^^^^^^^^^^^^^^^^
    ...<3 lines>...
    )
    ^
  File "/Users/aleksandrvilcinskas/Desktop/Lani/personal-ai-assistant/services/orchestrator/.venv/lib/python3.13/site-packages/fastapi/routing.py", line 324, in run_endpoint_function
    return await dependant.call(**values)
           ^^^^^^^^^^^^^^^^^^^^^^^^^^^^^^
  File "/Users/aleksandrvilcinskas/Desktop/Lani/personal-ai-assistant/services/orchestrator/app/api/routes/app_settings.py", line 60, in get_settings
    row = await _get_or_create_settings(db)
          ^^^^^^^^^^^^^^^^^^^^^^^^^^^^^^^^^
  File "/Users/aleksandrvilcinskas/Desktop/Lani/personal-ai-assistant/services/orchestrator/app/api/routes/app_settings.py", line 19, in _get_or_create_settings
    result = await db.execute(select(UserSettings).where(UserSettings.id == 1))
             ^^^^^^^^^^^^^^^^^^^^^^^^^^^^^^^^^^^^^^^^^^^^^^^^^^^^^^^^^^^^^^^^^^
  File "/Users/aleksandrvilcinskas/Desktop/Lani/personal-ai-assistant/services/orchestrator/.venv/lib/python3.13/site-packages/sqlalchemy/ext/asyncio/session.py", line 449, in execute
    result = await greenlet_spawn(
             ^^^^^^^^^^^^^^^^^^^^^
    ...<6 lines>...
    )
    ^
  File "/Users/aleksandrvilcinskas/Desktop/Lani/personal-ai-assistant/services/orchestrator/.venv/lib/python3.13/site-packages/sqlalchemy/util/_concurrency_py3k.py", line 201, in greenlet_spawn
    result = context.throw(*sys.exc_info())
  File "/Users/aleksandrvilcinskas/Desktop/Lani/personal-ai-assistant/services/orchestrator/.venv/lib/python3.13/site-packages/sqlalchemy/orm/session.py", line 2351, in execute
    return self._execute_internal(
           ~~~~~~~~~~~~~~~~~~~~~~^
        statement,
        ^^^^^^^^^^
    ...<4 lines>...
        _add_event=_add_event,
        ^^^^^^^^^^^^^^^^^^^^^^
    )
    ^
  File "/Users/aleksandrvilcinskas/Desktop/Lani/personal-ai-assistant/services/orchestrator/.venv/lib/python3.13/site-packages/sqlalchemy/orm/session.py", line 2249, in _execute_internal
    result: Result[Any] = compile_state_cls.orm_execute_statement(
                          ~~~~~~~~~~~~~~~~~~~~~~~~~~~~~~~~~~~~~~~^
        self,
        ^^^^^
    ...<4 lines>...
        conn,
        ^^^^^
    )
    ^
  File "/Users/aleksandrvilcinskas/Desktop/Lani/personal-ai-assistant/services/orchestrator/.venv/lib/python3.13/site-packages/sqlalchemy/orm/context.py", line 306, in orm_execute_statement
    result = conn.execute(
        statement, params or {}, execution_options=execution_options
    )
  File "/Users/aleksandrvilcinskas/Desktop/Lani/personal-ai-assistant/services/orchestrator/.venv/lib/python3.13/site-packages/sqlalchemy/engine/base.py", line 1419, in execute
    return meth(
        self,
        distilled_parameters,
        execution_options or NO_OPTIONS,
    )
  File "/Users/aleksandrvilcinskas/Desktop/Lani/personal-ai-assistant/services/orchestrator/.venv/lib/python3.13/site-packages/sqlalchemy/sql/elements.py", line 527, in _execute_on_connection
    return connection._execute_clauseelement(
           ~~~~~~~~~~~~~~~~~~~~~~~~~~~~~~~~~^
        self, distilled_params, execution_options
        ^^^^^^^^^^^^^^^^^^^^^^^^^^^^^^^^^^^^^^^^^
    )
    ^
  File "/Users/aleksandrvilcinskas/Desktop/Lani/personal-ai-assistant/services/orchestrator/.venv/lib/python3.13/site-packages/sqlalchemy/engine/base.py", line 1641, in _execute_clauseelement
    ret = self._execute_context(
        dialect,
    ...<8 lines>...
        cache_hit=cache_hit,
    )
  File "/Users/aleksandrvilcinskas/Desktop/Lani/personal-ai-assistant/services/orchestrator/.venv/lib/python3.13/site-packages/sqlalchemy/engine/base.py", line 1846, in _execute_context
    return self._exec_single_context(
           ~~~~~~~~~~~~~~~~~~~~~~~~~^
        dialect, context, statement, parameters
        ^^^^^^^^^^^^^^^^^^^^^^^^^^^^^^^^^^^^^^^
    )
    ^
  File "/Users/aleksandrvilcinskas/Desktop/Lani/personal-ai-assistant/services/orchestrator/.venv/lib/python3.13/site-packages/sqlalchemy/engine/base.py", line 1986, in _exec_single_context
    self._handle_dbapi_exception(
    ~~~~~~~~~~~~~~~~~~~~~~~~~~~~^
        e, str_statement, effective_parameters, cursor, context
        ^^^^^^^^^^^^^^^^^^^^^^^^^^^^^^^^^^^^^^^^^^^^^^^^^^^^^^^
    )
    ^
  File "/Users/aleksandrvilcinskas/Desktop/Lani/personal-ai-assistant/services/orchestrator/.venv/lib/python3.13/site-packages/sqlalchemy/engine/base.py", line 2363, in _handle_dbapi_exception
    raise sqlalchemy_exception.with_traceback(exc_info[2]) from e
  File "/Users/aleksandrvilcinskas/Desktop/Lani/personal-ai-assistant/services/orchestrator/.venv/lib/python3.13/site-packages/sqlalchemy/engine/base.py", line 1967, in _exec_single_context
    self.dialect.do_execute(
    ~~~~~~~~~~~~~~~~~~~~~~~^
        cursor, str_statement, effective_parameters, context
        ^^^^^^^^^^^^^^^^^^^^^^^^^^^^^^^^^^^^^^^^^^^^^^^^^^^^
    )
    ^
  File "/Users/aleksandrvilcinskas/Desktop/Lani/personal-ai-assistant/services/orchestrator/.venv/lib/python3.13/site-packages/sqlalchemy/engine/default.py", line 952, in do_execute
    cursor.execute(statement, parameters)
    ~~~~~~~~~~~~~~^^^^^^^^^^^^^^^^^^^^^^^
  File "/Users/aleksandrvilcinskas/Desktop/Lani/personal-ai-assistant/services/orchestrator/.venv/lib/python3.13/site-packages/sqlalchemy/dialects/sqlite/aiosqlite.py", line 182, in execute
    self._adapt_connection._handle_exception(error)
    ~~~~~~~~~~~~~~~~~~~~~~~~~~~~~~~~~~~~~~~~^^^^^^^
  File "/Users/aleksandrvilcinskas/Desktop/Lani/personal-ai-assistant/services/orchestrator/.venv/lib/python3.13/site-packages/sqlalchemy/dialects/sqlite/aiosqlite.py", line 342, in _handle_exception
    raise error
  File "/Users/aleksandrvilcinskas/Desktop/Lani/personal-ai-assistant/services/orchestrator/.venv/lib/python3.13/site-packages/sqlalchemy/dialects/sqlite/aiosqlite.py", line 164, in execute
    self.await_(_cursor.execute(operation, parameters))
    ~~~~~~~~~~~^^^^^^^^^^^^^^^^^^^^^^^^^^^^^^^^^^^^^^^^
  File "/Users/aleksandrvilcinskas/Desktop/Lani/personal-ai-assistant/services/orchestrator/.venv/lib/python3.13/site-packages/sqlalchemy/util/_concurrency_py3k.py", line 132, in await_only
    return current.parent.switch(awaitable)  # type: ignore[no-any-return,attr-defined] # noqa: E501
           ~~~~~~~~~~~~~~~~~~~~~^^^^^^^^^^^
  File "/Users/aleksandrvilcinskas/Desktop/Lani/personal-ai-assistant/services/orchestrator/.venv/lib/python3.13/site-packages/sqlalchemy/util/_concurrency_py3k.py", line 196, in greenlet_spawn
    value = await result
            ^^^^^^^^^^^^
  File "/Users/aleksandrvilcinskas/Desktop/Lani/personal-ai-assistant/services/orchestrator/.venv/lib/python3.13/site-packages/aiosqlite/cursor.py", line 40, in execute
    await self._execute(self._cursor.execute, sql, parameters)
  File "/Users/aleksandrvilcinskas/Desktop/Lani/personal-ai-assistant/services/orchestrator/.venv/lib/python3.13/site-packages/aiosqlite/cursor.py", line 32, in _execute
    return await self._conn._execute(fn, *args, **kwargs)
           ^^^^^^^^^^^^^^^^^^^^^^^^^^^^^^^^^^^^^^^^^^^^^^
  File "/Users/aleksandrvilcinskas/Desktop/Lani/personal-ai-assistant/services/orchestrator/.venv/lib/python3.13/site-packages/aiosqlite/core.py", line 160, in _execute
    return await future
           ^^^^^^^^^^^^
  File "/Users/aleksandrvilcinskas/Desktop/Lani/personal-ai-assistant/services/orchestrator/.venv/lib/python3.13/site-packages/aiosqlite/core.py", line 63, in _connection_worker_thread
    result = function()
sqlalchemy.exc.OperationalError: (sqlite3.OperationalError) no such column: user_settings.ui_language
[SQL: SELECT user_settings.id, user_settings.allowed_directories, user_settings.preferred_language, user_settings.ui_language, user_settings.assistant_language, user_settings.speech_recognition_language, user_settings.speech_output_language, user_settings.multilingual_enabled, user_settings.tts_enabled, user_settings.tts_voice, user_settings.voice_enabled, user_settings.speaker_verification_enabled, user_settings.voice_lock_enabled, user_settings.security_mode, user_settings.fallback_pin_enabled, user_settings.fallback_passphrase_enabled, user_settings.fallback_pin_hash, user_settings.fallback_passphrase_hint, user_settings.allow_text_access_without_voice_verification, user_settings.require_verification_for_sensitive_actions_only, user_settings.max_failed_voice_attempts, user_settings.lock_on_failed_verification, user_settings.first_run_complete, user_settings.failed_voice_attempts 
FROM user_settings 
WHERE user_settings.id = ?]
[parameters: (1,)]
(Background on this error at: https://sqlalche.me/e/20/e3q8)
INFO:     127.0.0.1:53932 - "GET /api/v1/logs HTTP/1.1" 200 OK
INFO:     127.0.0.1:53933 - "GET /api/v1/approvals HTTP/1.1" 200 OK
INFO:     127.0.0.1:53934 - "POST /api/v1/plans HTTP/1.1" 422 Unprocessable Content
INFO:     127.0.0.1:53940 - "GET /api/v1/settings HTTP/1.1" 500 Internal Server Error
ERROR:    Exception in ASGI application
Traceback (most recent call last):
  File "/Users/aleksandrvilcinskas/Desktop/Lani/personal-ai-assistant/services/orchestrator/.venv/lib/python3.13/site-packages/sqlalchemy/engine/base.py", line 1967, in _exec_single_context
    self.dialect.do_execute(
    ~~~~~~~~~~~~~~~~~~~~~~~^
        cursor, str_statement, effective_parameters, context
        ^^^^^^^^^^^^^^^^^^^^^^^^^^^^^^^^^^^^^^^^^^^^^^^^^^^^
    )
    ^
  File "/Users/aleksandrvilcinskas/Desktop/Lani/personal-ai-assistant/services/orchestrator/.venv/lib/python3.13/site-packages/sqlalchemy/engine/default.py", line 952, in do_execute
    cursor.execute(statement, parameters)
    ~~~~~~~~~~~~~~^^^^^^^^^^^^^^^^^^^^^^^
  File "/Users/aleksandrvilcinskas/Desktop/Lani/personal-ai-assistant/services/orchestrator/.venv/lib/python3.13/site-packages/sqlalchemy/dialects/sqlite/aiosqlite.py", line 182, in execute
    self._adapt_connection._handle_exception(error)
    ~~~~~~~~~~~~~~~~~~~~~~~~~~~~~~~~~~~~~~~~^^^^^^^
  File "/Users/aleksandrvilcinskas/Desktop/Lani/personal-ai-assistant/services/orchestrator/.venv/lib/python3.13/site-packages/sqlalchemy/dialects/sqlite/aiosqlite.py", line 342, in _handle_exception
    raise error
  File "/Users/aleksandrvilcinskas/Desktop/Lani/personal-ai-assistant/services/orchestrator/.venv/lib/python3.13/site-packages/sqlalchemy/dialects/sqlite/aiosqlite.py", line 164, in execute
    self.await_(_cursor.execute(operation, parameters))
    ~~~~~~~~~~~^^^^^^^^^^^^^^^^^^^^^^^^^^^^^^^^^^^^^^^^
  File "/Users/aleksandrvilcinskas/Desktop/Lani/personal-ai-assistant/services/orchestrator/.venv/lib/python3.13/site-packages/sqlalchemy/util/_concurrency_py3k.py", line 132, in await_only
    return current.parent.switch(awaitable)  # type: ignore[no-any-return,attr-defined] # noqa: E501
           ~~~~~~~~~~~~~~~~~~~~~^^^^^^^^^^^
  File "/Users/aleksandrvilcinskas/Desktop/Lani/personal-ai-assistant/services/orchestrator/.venv/lib/python3.13/site-packages/sqlalchemy/util/_concurrency_py3k.py", line 196, in greenlet_spawn
    value = await result
            ^^^^^^^^^^^^
  File "/Users/aleksandrvilcinskas/Desktop/Lani/personal-ai-assistant/services/orchestrator/.venv/lib/python3.13/site-packages/aiosqlite/cursor.py", line 40, in execute
    await self._execute(self._cursor.execute, sql, parameters)
  File "/Users/aleksandrvilcinskas/Desktop/Lani/personal-ai-assistant/services/orchestrator/.venv/lib/python3.13/site-packages/aiosqlite/cursor.py", line 32, in _execute
    return await self._conn._execute(fn, *args, **kwargs)
           ^^^^^^^^^^^^^^^^^^^^^^^^^^^^^^^^^^^^^^^^^^^^^^
  File "/Users/aleksandrvilcinskas/Desktop/Lani/personal-ai-assistant/services/orchestrator/.venv/lib/python3.13/site-packages/aiosqlite/core.py", line 160, in _execute
    return await future
           ^^^^^^^^^^^^
  File "/Users/aleksandrvilcinskas/Desktop/Lani/personal-ai-assistant/services/orchestrator/.venv/lib/python3.13/site-packages/aiosqlite/core.py", line 63, in _connection_worker_thread
    result = function()
sqlite3.OperationalError: no such column: user_settings.ui_language

The above exception was the direct cause of the following exception:

Traceback (most recent call last):
  File "/Users/aleksandrvilcinskas/Desktop/Lani/personal-ai-assistant/services/orchestrator/.venv/lib/python3.13/site-packages/uvicorn/protocols/http/httptools_impl.py", line 416, in run_asgi
    result = await app(  # type: ignore[func-returns-value]
             ^^^^^^^^^^^^^^^^^^^^^^^^^^^^^^^^^^^^^^^^^^^^^^
        self.scope, self.receive, self.send
        ^^^^^^^^^^^^^^^^^^^^^^^^^^^^^^^^^^^
    )
    ^
  File "/Users/aleksandrvilcinskas/Desktop/Lani/personal-ai-assistant/services/orchestrator/.venv/lib/python3.13/site-packages/uvicorn/middleware/proxy_headers.py", line 60, in __call__
    return await self.app(scope, receive, send)
           ^^^^^^^^^^^^^^^^^^^^^^^^^^^^^^^^^^^^
  File "/Users/aleksandrvilcinskas/Desktop/Lani/personal-ai-assistant/services/orchestrator/.venv/lib/python3.13/site-packages/fastapi/applications.py", line 1160, in __call__
    await super().__call__(scope, receive, send)
  File "/Users/aleksandrvilcinskas/Desktop/Lani/personal-ai-assistant/services/orchestrator/.venv/lib/python3.13/site-packages/starlette/applications.py", line 107, in __call__
    await self.middleware_stack(scope, receive, send)
  File "/Users/aleksandrvilcinskas/Desktop/Lani/personal-ai-assistant/services/orchestrator/.venv/lib/python3.13/site-packages/starlette/middleware/errors.py", line 186, in __call__
    raise exc
  File "/Users/aleksandrvilcinskas/Desktop/Lani/personal-ai-assistant/services/orchestrator/.venv/lib/python3.13/site-packages/starlette/middleware/errors.py", line 164, in __call__
    await self.app(scope, receive, _send)
  File "/Users/aleksandrvilcinskas/Desktop/Lani/personal-ai-assistant/services/orchestrator/.venv/lib/python3.13/site-packages/starlette/middleware/cors.py", line 87, in __call__
    await self.app(scope, receive, send)
  File "/Users/aleksandrvilcinskas/Desktop/Lani/personal-ai-assistant/services/orchestrator/.venv/lib/python3.13/site-packages/starlette/middleware/exceptions.py", line 63, in __call__
    await wrap_app_handling_exceptions(self.app, conn)(scope, receive, send)
  File "/Users/aleksandrvilcinskas/Desktop/Lani/personal-ai-assistant/services/orchestrator/.venv/lib/python3.13/site-packages/starlette/_exception_handler.py", line 53, in wrapped_app
    raise exc
  File "/Users/aleksandrvilcinskas/Desktop/Lani/personal-ai-assistant/services/orchestrator/.venv/lib/python3.13/site-packages/starlette/_exception_handler.py", line 42, in wrapped_app
    await app(scope, receive, sender)
  File "/Users/aleksandrvilcinskas/Desktop/Lani/personal-ai-assistant/services/orchestrator/.venv/lib/python3.13/site-packages/fastapi/middleware/asyncexitstack.py", line 18, in __call__
    await self.app(scope, receive, send)
  File "/Users/aleksandrvilcinskas/Desktop/Lani/personal-ai-assistant/services/orchestrator/.venv/lib/python3.13/site-packages/starlette/routing.py", line 716, in __call__
    await self.middleware_stack(scope, receive, send)
  File "/Users/aleksandrvilcinskas/Desktop/Lani/personal-ai-assistant/services/orchestrator/.venv/lib/python3.13/site-packages/starlette/routing.py", line 736, in app
    await route.handle(scope, receive, send)
  File "/Users/aleksandrvilcinskas/Desktop/Lani/personal-ai-assistant/services/orchestrator/.venv/lib/python3.13/site-packages/starlette/routing.py", line 290, in handle
    await self.app(scope, receive, send)
  File "/Users/aleksandrvilcinskas/Desktop/Lani/personal-ai-assistant/services/orchestrator/.venv/lib/python3.13/site-packages/fastapi/routing.py", line 130, in app
    await wrap_app_handling_exceptions(app, request)(scope, receive, send)
  File "/Users/aleksandrvilcinskas/Desktop/Lani/personal-ai-assistant/services/orchestrator/.venv/lib/python3.13/site-packages/starlette/_exception_handler.py", line 53, in wrapped_app
    raise exc
  File "/Users/aleksandrvilcinskas/Desktop/Lani/personal-ai-assistant/services/orchestrator/.venv/lib/python3.13/site-packages/starlette/_exception_handler.py", line 42, in wrapped_app
    await app(scope, receive, sender)
  File "/Users/aleksandrvilcinskas/Desktop/Lani/personal-ai-assistant/services/orchestrator/.venv/lib/python3.13/site-packages/fastapi/routing.py", line 116, in app
    response = await f(request)
               ^^^^^^^^^^^^^^^^
  File "/Users/aleksandrvilcinskas/Desktop/Lani/personal-ai-assistant/services/orchestrator/.venv/lib/python3.13/site-packages/fastapi/routing.py", line 670, in app
    raw_response = await run_endpoint_function(
                   ^^^^^^^^^^^^^^^^^^^^^^^^^^^^
    ...<3 lines>...
    )
    ^
  File "/Users/aleksandrvilcinskas/Desktop/Lani/personal-ai-assistant/services/orchestrator/.venv/lib/python3.13/site-packages/fastapi/routing.py", line 324, in run_endpoint_function
    return await dependant.call(**values)
           ^^^^^^^^^^^^^^^^^^^^^^^^^^^^^^
  File "/Users/aleksandrvilcinskas/Desktop/Lani/personal-ai-assistant/services/orchestrator/app/api/routes/app_settings.py", line 60, in get_settings
    row = await _get_or_create_settings(db)
          ^^^^^^^^^^^^^^^^^^^^^^^^^^^^^^^^^
  File "/Users/aleksandrvilcinskas/Desktop/Lani/personal-ai-assistant/services/orchestrator/app/api/routes/app_settings.py", line 19, in _get_or_create_settings
    result = await db.execute(select(UserSettings).where(UserSettings.id == 1))
             ^^^^^^^^^^^^^^^^^^^^^^^^^^^^^^^^^^^^^^^^^^^^^^^^^^^^^^^^^^^^^^^^^^
  File "/Users/aleksandrvilcinskas/Desktop/Lani/personal-ai-assistant/services/orchestrator/.venv/lib/python3.13/site-packages/sqlalchemy/ext/asyncio/session.py", line 449, in execute
    result = await greenlet_spawn(
             ^^^^^^^^^^^^^^^^^^^^^
    ...<6 lines>...
    )
    ^
  File "/Users/aleksandrvilcinskas/Desktop/Lani/personal-ai-assistant/services/orchestrator/.venv/lib/python3.13/site-packages/sqlalchemy/util/_concurrency_py3k.py", line 201, in greenlet_spawn
    result = context.throw(*sys.exc_info())
  File "/Users/aleksandrvilcinskas/Desktop/Lani/personal-ai-assistant/services/orchestrator/.venv/lib/python3.13/site-packages/sqlalchemy/orm/session.py", line 2351, in execute
    return self._execute_internal(
           ~~~~~~~~~~~~~~~~~~~~~~^
        statement,
        ^^^^^^^^^^
    ...<4 lines>...
        _add_event=_add_event,
        ^^^^^^^^^^^^^^^^^^^^^^
    )
    ^
  File "/Users/aleksandrvilcinskas/Desktop/Lani/personal-ai-assistant/services/orchestrator/.venv/lib/python3.13/site-packages/sqlalchemy/orm/session.py", line 2249, in _execute_internal
    result: Result[Any] = compile_state_cls.orm_execute_statement(
                          ~~~~~~~~~~~~~~~~~~~~~~~~~~~~~~~~~~~~~~~^
        self,
        ^^^^^
    ...<4 lines>...
        conn,
        ^^^^^
    )
    ^
  File "/Users/aleksandrvilcinskas/Desktop/Lani/personal-ai-assistant/services/orchestrator/.venv/lib/python3.13/site-packages/sqlalchemy/orm/context.py", line 306, in orm_execute_statement
    result = conn.execute(
        statement, params or {}, execution_options=execution_options
    )
  File "/Users/aleksandrvilcinskas/Desktop/Lani/personal-ai-assistant/services/orchestrator/.venv/lib/python3.13/site-packages/sqlalchemy/engine/base.py", line 1419, in execute
    return meth(
        self,
        distilled_parameters,
        execution_options or NO_OPTIONS,
    )
  File "/Users/aleksandrvilcinskas/Desktop/Lani/personal-ai-assistant/services/orchestrator/.venv/lib/python3.13/site-packages/sqlalchemy/sql/elements.py", line 527, in _execute_on_connection
    return connection._execute_clauseelement(
           ~~~~~~~~~~~~~~~~~~~~~~~~~~~~~~~~~^
        self, distilled_params, execution_options
        ^^^^^^^^^^^^^^^^^^^^^^^^^^^^^^^^^^^^^^^^^
    )
    ^
  File "/Users/aleksandrvilcinskas/Desktop/Lani/personal-ai-assistant/services/orchestrator/.venv/lib/python3.13/site-packages/sqlalchemy/engine/base.py", line 1641, in _execute_clauseelement
    ret = self._execute_context(
        dialect,
    ...<8 lines>...
        cache_hit=cache_hit,
    )
  File "/Users/aleksandrvilcinskas/Desktop/Lani/personal-ai-assistant/services/orchestrator/.venv/lib/python3.13/site-packages/sqlalchemy/engine/base.py", line 1846, in _execute_context
    return self._exec_single_context(
           ~~~~~~~~~~~~~~~~~~~~~~~~~^
        dialect, context, statement, parameters
        ^^^^^^^^^^^^^^^^^^^^^^^^^^^^^^^^^^^^^^^
    )
    ^
  File "/Users/aleksandrvilcinskas/Desktop/Lani/personal-ai-assistant/services/orchestrator/.venv/lib/python3.13/site-packages/sqlalchemy/engine/base.py", line 1986, in _exec_single_context
    self._handle_dbapi_exception(
    ~~~~~~~~~~~~~~~~~~~~~~~~~~~~^
        e, str_statement, effective_parameters, cursor, context
        ^^^^^^^^^^^^^^^^^^^^^^^^^^^^^^^^^^^^^^^^^^^^^^^^^^^^^^^
    )
    ^
  File "/Users/aleksandrvilcinskas/Desktop/Lani/personal-ai-assistant/services/orchestrator/.venv/lib/python3.13/site-packages/sqlalchemy/engine/base.py", line 2363, in _handle_dbapi_exception
    raise sqlalchemy_exception.with_traceback(exc_info[2]) from e
  File "/Users/aleksandrvilcinskas/Desktop/Lani/personal-ai-assistant/services/orchestrator/.venv/lib/python3.13/site-packages/sqlalchemy/engine/base.py", line 1967, in _exec_single_context
    self.dialect.do_execute(
    ~~~~~~~~~~~~~~~~~~~~~~~^
        cursor, str_statement, effective_parameters, context
        ^^^^^^^^^^^^^^^^^^^^^^^^^^^^^^^^^^^^^^^^^^^^^^^^^^^^
    )
    ^
  File "/Users/aleksandrvilcinskas/Desktop/Lani/personal-ai-assistant/services/orchestrator/.venv/lib/python3.13/site-packages/sqlalchemy/engine/default.py", line 952, in do_execute
    cursor.execute(statement, parameters)
    ~~~~~~~~~~~~~~^^^^^^^^^^^^^^^^^^^^^^^
  File "/Users/aleksandrvilcinskas/Desktop/Lani/personal-ai-assistant/services/orchestrator/.venv/lib/python3.13/site-packages/sqlalchemy/dialects/sqlite/aiosqlite.py", line 182, in execute
    self._adapt_connection._handle_exception(error)
    ~~~~~~~~~~~~~~~~~~~~~~~~~~~~~~~~~~~~~~~~^^^^^^^
  File "/Users/aleksandrvilcinskas/Desktop/Lani/personal-ai-assistant/services/orchestrator/.venv/lib/python3.13/site-packages/sqlalchemy/dialects/sqlite/aiosqlite.py", line 342, in _handle_exception
    raise error
  File "/Users/aleksandrvilcinskas/Desktop/Lani/personal-ai-assistant/services/orchestrator/.venv/lib/python3.13/site-packages/sqlalchemy/dialects/sqlite/aiosqlite.py", line 164, in execute
    self.await_(_cursor.execute(operation, parameters))
    ~~~~~~~~~~~^^^^^^^^^^^^^^^^^^^^^^^^^^^^^^^^^^^^^^^^
  File "/Users/aleksandrvilcinskas/Desktop/Lani/personal-ai-assistant/services/orchestrator/.venv/lib/python3.13/site-packages/sqlalchemy/util/_concurrency_py3k.py", line 132, in await_only
    return current.parent.switch(awaitable)  # type: ignore[no-any-return,attr-defined] # noqa: E501
           ~~~~~~~~~~~~~~~~~~~~~^^^^^^^^^^^
  File "/Users/aleksandrvilcinskas/Desktop/Lani/personal-ai-assistant/services/orchestrator/.venv/lib/python3.13/site-packages/sqlalchemy/util/_concurrency_py3k.py", line 196, in greenlet_spawn
    value = await result
            ^^^^^^^^^^^^
  File "/Users/aleksandrvilcinskas/Desktop/Lani/personal-ai-assistant/services/orchestrator/.venv/lib/python3.13/site-packages/aiosqlite/cursor.py", line 40, in execute
    await self._execute(self._cursor.execute, sql, parameters)
  File "/Users/aleksandrvilcinskas/Desktop/Lani/personal-ai-assistant/services/orchestrator/.venv/lib/python3.13/site-packages/aiosqlite/cursor.py", line 32, in _execute
    return await self._conn._execute(fn, *args, **kwargs)
           ^^^^^^^^^^^^^^^^^^^^^^^^^^^^^^^^^^^^^^^^^^^^^^
  File "/Users/aleksandrvilcinskas/Desktop/Lani/personal-ai-assistant/services/orchestrator/.venv/lib/python3.13/site-packages/aiosqlite/core.py", line 160, in _execute
    return await future
           ^^^^^^^^^^^^
  File "/Users/aleksandrvilcinskas/Desktop/Lani/personal-ai-assistant/services/orchestrator/.venv/lib/python3.13/site-packages/aiosqlite/core.py", line 63, in _connection_worker_thread
    result = function()
sqlalchemy.exc.OperationalError: (sqlite3.OperationalError) no such column: user_settings.ui_language
[SQL: SELECT user_settings.id, user_settings.allowed_directories, user_settings.preferred_language, user_settings.ui_language, user_settings.assistant_language, user_settings.speech_recognition_language, user_settings.speech_output_language, user_settings.multilingual_enabled, user_settings.tts_enabled, user_settings.tts_voice, user_settings.voice_enabled, user_settings.speaker_verification_enabled, user_settings.voice_lock_enabled, user_settings.security_mode, user_settings.fallback_pin_enabled, user_settings.fallback_passphrase_enabled, user_settings.fallback_pin_hash, user_settings.fallback_passphrase_hint, user_settings.allow_text_access_without_voice_verification, user_settings.require_verification_for_sensitive_actions_only, user_settings.max_failed_voice_attempts, user_settings.lock_on_failed_verification, user_settings.first_run_complete, user_settings.failed_voice_attempts 
FROM user_settings 
WHERE user_settings.id = ?]
[parameters: (1,)]
(Background on this error at: https://sqlalche.me/e/20/e3q8)
INFO:     127.0.0.1:53960 - "GET /api/v1/settings HTTP/1.1" 500 Internal Server Error
ERROR:    Exception in ASGI application
Traceback (most recent call last):
  File "/Users/aleksandrvilcinskas/Desktop/Lani/personal-ai-assistant/services/orchestrator/.venv/lib/python3.13/site-packages/sqlalchemy/engine/base.py", line 1967, in _exec_single_context
    self.dialect.do_execute(
    ~~~~~~~~~~~~~~~~~~~~~~~^
        cursor, str_statement, effective_parameters, context
        ^^^^^^^^^^^^^^^^^^^^^^^^^^^^^^^^^^^^^^^^^^^^^^^^^^^^
    )
    ^
  File "/Users/aleksandrvilcinskas/Desktop/Lani/personal-ai-assistant/services/orchestrator/.venv/lib/python3.13/site-packages/sqlalchemy/engine/default.py", line 952, in do_execute
    cursor.execute(statement, parameters)
    ~~~~~~~~~~~~~~^^^^^^^^^^^^^^^^^^^^^^^
  File "/Users/aleksandrvilcinskas/Desktop/Lani/personal-ai-assistant/services/orchestrator/.venv/lib/python3.13/site-packages/sqlalchemy/dialects/sqlite/aiosqlite.py", line 182, in execute
    self._adapt_connection._handle_exception(error)
    ~~~~~~~~~~~~~~~~~~~~~~~~~~~~~~~~~~~~~~~~^^^^^^^
  File "/Users/aleksandrvilcinskas/Desktop/Lani/personal-ai-assistant/services/orchestrator/.venv/lib/python3.13/site-packages/sqlalchemy/dialects/sqlite/aiosqlite.py", line 342, in _handle_exception
    raise error
  File "/Users/aleksandrvilcinskas/Desktop/Lani/personal-ai-assistant/services/orchestrator/.venv/lib/python3.13/site-packages/sqlalchemy/dialects/sqlite/aiosqlite.py", line 164, in execute
    self.await_(_cursor.execute(operation, parameters))
    ~~~~~~~~~~~^^^^^^^^^^^^^^^^^^^^^^^^^^^^^^^^^^^^^^^^
  File "/Users/aleksandrvilcinskas/Desktop/Lani/personal-ai-assistant/services/orchestrator/.venv/lib/python3.13/site-packages/sqlalchemy/util/_concurrency_py3k.py", line 132, in await_only
    return current.parent.switch(awaitable)  # type: ignore[no-any-return,attr-defined] # noqa: E501
           ~~~~~~~~~~~~~~~~~~~~~^^^^^^^^^^^
  File "/Users/aleksandrvilcinskas/Desktop/Lani/personal-ai-assistant/services/orchestrator/.venv/lib/python3.13/site-packages/sqlalchemy/util/_concurrency_py3k.py", line 196, in greenlet_spawn
    value = await result
            ^^^^^^^^^^^^
  File "/Users/aleksandrvilcinskas/Desktop/Lani/personal-ai-assistant/services/orchestrator/.venv/lib/python3.13/site-packages/aiosqlite/cursor.py", line 40, in execute
    await self._execute(self._cursor.execute, sql, parameters)
  File "/Users/aleksandrvilcinskas/Desktop/Lani/personal-ai-assistant/services/orchestrator/.venv/lib/python3.13/site-packages/aiosqlite/cursor.py", line 32, in _execute
    return await self._conn._execute(fn, *args, **kwargs)
           ^^^^^^^^^^^^^^^^^^^^^^^^^^^^^^^^^^^^^^^^^^^^^^
  File "/Users/aleksandrvilcinskas/Desktop/Lani/personal-ai-assistant/services/orchestrator/.venv/lib/python3.13/site-packages/aiosqlite/core.py", line 160, in _execute
    return await future
           ^^^^^^^^^^^^
  File "/Users/aleksandrvilcinskas/Desktop/Lani/personal-ai-assistant/services/orchestrator/.venv/lib/python3.13/site-packages/aiosqlite/core.py", line 63, in _connection_worker_thread
    result = function()
sqlite3.OperationalError: no such column: user_settings.ui_language

The above exception was the direct cause of the following exception:

Traceback (most recent call last):
  File "/Users/aleksandrvilcinskas/Desktop/Lani/personal-ai-assistant/services/orchestrator/.venv/lib/python3.13/site-packages/uvicorn/protocols/http/httptools_impl.py", line 416, in run_asgi
    result = await app(  # type: ignore[func-returns-value]
             ^^^^^^^^^^^^^^^^^^^^^^^^^^^^^^^^^^^^^^^^^^^^^^
        self.scope, self.receive, self.send
        ^^^^^^^^^^^^^^^^^^^^^^^^^^^^^^^^^^^
    )
    ^
  File "/Users/aleksandrvilcinskas/Desktop/Lani/personal-ai-assistant/services/orchestrator/.venv/lib/python3.13/site-packages/uvicorn/middleware/proxy_headers.py", line 60, in __call__
    return await self.app(scope, receive, send)
           ^^^^^^^^^^^^^^^^^^^^^^^^^^^^^^^^^^^^
  File "/Users/aleksandrvilcinskas/Desktop/Lani/personal-ai-assistant/services/orchestrator/.venv/lib/python3.13/site-packages/fastapi/applications.py", line 1160, in __call__
    await super().__call__(scope, receive, send)
  File "/Users/aleksandrvilcinskas/Desktop/Lani/personal-ai-assistant/services/orchestrator/.venv/lib/python3.13/site-packages/starlette/applications.py", line 107, in __call__
    await self.middleware_stack(scope, receive, send)
  File "/Users/aleksandrvilcinskas/Desktop/Lani/personal-ai-assistant/services/orchestrator/.venv/lib/python3.13/site-packages/starlette/middleware/errors.py", line 186, in __call__
    raise exc
  File "/Users/aleksandrvilcinskas/Desktop/Lani/personal-ai-assistant/services/orchestrator/.venv/lib/python3.13/site-packages/starlette/middleware/errors.py", line 164, in __call__
    await self.app(scope, receive, _send)
  File "/Users/aleksandrvilcinskas/Desktop/Lani/personal-ai-assistant/services/orchestrator/.venv/lib/python3.13/site-packages/starlette/middleware/cors.py", line 87, in __call__
    await self.app(scope, receive, send)
  File "/Users/aleksandrvilcinskas/Desktop/Lani/personal-ai-assistant/services/orchestrator/.venv/lib/python3.13/site-packages/starlette/middleware/exceptions.py", line 63, in __call__
    await wrap_app_handling_exceptions(self.app, conn)(scope, receive, send)
  File "/Users/aleksandrvilcinskas/Desktop/Lani/personal-ai-assistant/services/orchestrator/.venv/lib/python3.13/site-packages/starlette/_exception_handler.py", line 53, in wrapped_app
    raise exc
  File "/Users/aleksandrvilcinskas/Desktop/Lani/personal-ai-assistant/services/orchestrator/.venv/lib/python3.13/site-packages/starlette/_exception_handler.py", line 42, in wrapped_app
    await app(scope, receive, sender)
  File "/Users/aleksandrvilcinskas/Desktop/Lani/personal-ai-assistant/services/orchestrator/.venv/lib/python3.13/site-packages/fastapi/middleware/asyncexitstack.py", line 18, in __call__
    await self.app(scope, receive, send)
  File "/Users/aleksandrvilcinskas/Desktop/Lani/personal-ai-assistant/services/orchestrator/.venv/lib/python3.13/site-packages/starlette/routing.py", line 716, in __call__
    await self.middleware_stack(scope, receive, send)
  File "/Users/aleksandrvilcinskas/Desktop/Lani/personal-ai-assistant/services/orchestrator/.venv/lib/python3.13/site-packages/starlette/routing.py", line 736, in app
    await route.handle(scope, receive, send)
  File "/Users/aleksandrvilcinskas/Desktop/Lani/personal-ai-assistant/services/orchestrator/.venv/lib/python3.13/site-packages/starlette/routing.py", line 290, in handle
    await self.app(scope, receive, send)
  File "/Users/aleksandrvilcinskas/Desktop/Lani/personal-ai-assistant/services/orchestrator/.venv/lib/python3.13/site-packages/fastapi/routing.py", line 130, in app
    await wrap_app_handling_exceptions(app, request)(scope, receive, send)
  File "/Users/aleksandrvilcinskas/Desktop/Lani/personal-ai-assistant/services/orchestrator/.venv/lib/python3.13/site-packages/starlette/_exception_handler.py", line 53, in wrapped_app
    raise exc
  File "/Users/aleksandrvilcinskas/Desktop/Lani/personal-ai-assistant/services/orchestrator/.venv/lib/python3.13/site-packages/starlette/_exception_handler.py", line 42, in wrapped_app
    await app(scope, receive, sender)
  File "/Users/aleksandrvilcinskas/Desktop/Lani/personal-ai-assistant/services/orchestrator/.venv/lib/python3.13/site-packages/fastapi/routing.py", line 116, in app
    response = await f(request)
               ^^^^^^^^^^^^^^^^
  File "/Users/aleksandrvilcinskas/Desktop/Lani/personal-ai-assistant/services/orchestrator/.venv/lib/python3.13/site-packages/fastapi/routing.py", line 670, in app
    raw_response = await run_endpoint_function(
                   ^^^^^^^^^^^^^^^^^^^^^^^^^^^^
    ...<3 lines>...
    )
    ^
  File "/Users/aleksandrvilcinskas/Desktop/Lani/personal-ai-assistant/services/orchestrator/.venv/lib/python3.13/site-packages/fastapi/routing.py", line 324, in run_endpoint_function
    return await dependant.call(**values)
           ^^^^^^^^^^^^^^^^^^^^^^^^^^^^^^
  File "/Users/aleksandrvilcinskas/Desktop/Lani/personal-ai-assistant/services/orchestrator/app/api/routes/app_settings.py", line 60, in get_settings
    row = await _get_or_create_settings(db)
          ^^^^^^^^^^^^^^^^^^^^^^^^^^^^^^^^^
  File "/Users/aleksandrvilcinskas/Desktop/Lani/personal-ai-assistant/services/orchestrator/app/api/routes/app_settings.py", line 19, in _get_or_create_settings
    result = await db.execute(select(UserSettings).where(UserSettings.id == 1))
             ^^^^^^^^^^^^^^^^^^^^^^^^^^^^^^^^^^^^^^^^^^^^^^^^^^^^^^^^^^^^^^^^^^
  File "/Users/aleksandrvilcinskas/Desktop/Lani/personal-ai-assistant/services/orchestrator/.venv/lib/python3.13/site-packages/sqlalchemy/ext/asyncio/session.py", line 449, in execute
    result = await greenlet_spawn(
             ^^^^^^^^^^^^^^^^^^^^^
    ...<6 lines>...
    )
    ^
  File "/Users/aleksandrvilcinskas/Desktop/Lani/personal-ai-assistant/services/orchestrator/.venv/lib/python3.13/site-packages/sqlalchemy/util/_concurrency_py3k.py", line 201, in greenlet_spawn
    result = context.throw(*sys.exc_info())
  File "/Users/aleksandrvilcinskas/Desktop/Lani/personal-ai-assistant/services/orchestrator/.venv/lib/python3.13/site-packages/sqlalchemy/orm/session.py", line 2351, in execute
    return self._execute_internal(
           ~~~~~~~~~~~~~~~~~~~~~~^
        statement,
        ^^^^^^^^^^
    ...<4 lines>...
        _add_event=_add_event,
        ^^^^^^^^^^^^^^^^^^^^^^
    )
    ^
  File "/Users/aleksandrvilcinskas/Desktop/Lani/personal-ai-assistant/services/orchestrator/.venv/lib/python3.13/site-packages/sqlalchemy/orm/session.py", line 2249, in _execute_internal
    result: Result[Any] = compile_state_cls.orm_execute_statement(
                          ~~~~~~~~~~~~~~~~~~~~~~~~~~~~~~~~~~~~~~~^
        self,
        ^^^^^
    ...<4 lines>...
        conn,
        ^^^^^
    )
    ^
  File "/Users/aleksandrvilcinskas/Desktop/Lani/personal-ai-assistant/services/orchestrator/.venv/lib/python3.13/site-packages/sqlalchemy/orm/context.py", line 306, in orm_execute_statement
    result = conn.execute(
        statement, params or {}, execution_options=execution_options
    )
  File "/Users/aleksandrvilcinskas/Desktop/Lani/personal-ai-assistant/services/orchestrator/.venv/lib/python3.13/site-packages/sqlalchemy/engine/base.py", line 1419, in execute
    return meth(
        self,
        distilled_parameters,
        execution_options or NO_OPTIONS,
    )
  File "/Users/aleksandrvilcinskas/Desktop/Lani/personal-ai-assistant/services/orchestrator/.venv/lib/python3.13/site-packages/sqlalchemy/sql/elements.py", line 527, in _execute_on_connection
    return connection._execute_clauseelement(
           ~~~~~~~~~~~~~~~~~~~~~~~~~~~~~~~~~^
        self, distilled_params, execution_options
        ^^^^^^^^^^^^^^^^^^^^^^^^^^^^^^^^^^^^^^^^^
    )
    ^
  File "/Users/aleksandrvilcinskas/Desktop/Lani/personal-ai-assistant/services/orchestrator/.venv/lib/python3.13/site-packages/sqlalchemy/engine/base.py", line 1641, in _execute_clauseelement
    ret = self._execute_context(
        dialect,
    ...<8 lines>...
        cache_hit=cache_hit,
    )
  File "/Users/aleksandrvilcinskas/Desktop/Lani/personal-ai-assistant/services/orchestrator/.venv/lib/python3.13/site-packages/sqlalchemy/engine/base.py", line 1846, in _execute_context
    return self._exec_single_context(
           ~~~~~~~~~~~~~~~~~~~~~~~~~^
        dialect, context, statement, parameters
        ^^^^^^^^^^^^^^^^^^^^^^^^^^^^^^^^^^^^^^^
    )
    ^
  File "/Users/aleksandrvilcinskas/Desktop/Lani/personal-ai-assistant/services/orchestrator/.venv/lib/python3.13/site-packages/sqlalchemy/engine/base.py", line 1986, in _exec_single_context
    self._handle_dbapi_exception(
    ~~~~~~~~~~~~~~~~~~~~~~~~~~~~^
        e, str_statement, effective_parameters, cursor, context
        ^^^^^^^^^^^^^^^^^^^^^^^^^^^^^^^^^^^^^^^^^^^^^^^^^^^^^^^
    )
    ^
  File "/Users/aleksandrvilcinskas/Desktop/Lani/personal-ai-assistant/services/orchestrator/.venv/lib/python3.13/site-packages/sqlalchemy/engine/base.py", line 2363, in _handle_dbapi_exception
    raise sqlalchemy_exception.with_traceback(exc_info[2]) from e
  File "/Users/aleksandrvilcinskas/Desktop/Lani/personal-ai-assistant/services/orchestrator/.venv/lib/python3.13/site-packages/sqlalchemy/engine/base.py", line 1967, in _exec_single_context
    self.dialect.do_execute(
    ~~~~~~~~~~~~~~~~~~~~~~~^
        cursor, str_statement, effective_parameters, context
        ^^^^^^^^^^^^^^^^^^^^^^^^^^^^^^^^^^^^^^^^^^^^^^^^^^^^
    )
    ^
  File "/Users/aleksandrvilcinskas/Desktop/Lani/personal-ai-assistant/services/orchestrator/.venv/lib/python3.13/site-packages/sqlalchemy/engine/default.py", line 952, in do_execute
    cursor.execute(statement, parameters)
    ~~~~~~~~~~~~~~^^^^^^^^^^^^^^^^^^^^^^^
  File "/Users/aleksandrvilcinskas/Desktop/Lani/personal-ai-assistant/services/orchestrator/.venv/lib/python3.13/site-packages/sqlalchemy/dialects/sqlite/aiosqlite.py", line 182, in execute
    self._adapt_connection._handle_exception(error)
    ~~~~~~~~~~~~~~~~~~~~~~~~~~~~~~~~~~~~~~~~^^^^^^^
  File "/Users/aleksandrvilcinskas/Desktop/Lani/personal-ai-assistant/services/orchestrator/.venv/lib/python3.13/site-packages/sqlalchemy/dialects/sqlite/aiosqlite.py", line 342, in _handle_exception
    raise error
  File "/Users/aleksandrvilcinskas/Desktop/Lani/personal-ai-assistant/services/orchestrator/.venv/lib/python3.13/site-packages/sqlalchemy/dialects/sqlite/aiosqlite.py", line 164, in execute
    self.await_(_cursor.execute(operation, parameters))
    ~~~~~~~~~~~^^^^^^^^^^^^^^^^^^^^^^^^^^^^^^^^^^^^^^^^
  File "/Users/aleksandrvilcinskas/Desktop/Lani/personal-ai-assistant/services/orchestrator/.venv/lib/python3.13/site-packages/sqlalchemy/util/_concurrency_py3k.py", line 132, in await_only
    return current.parent.switch(awaitable)  # type: ignore[no-any-return,attr-defined] # noqa: E501
           ~~~~~~~~~~~~~~~~~~~~~^^^^^^^^^^^
  File "/Users/aleksandrvilcinskas/Desktop/Lani/personal-ai-assistant/services/orchestrator/.venv/lib/python3.13/site-packages/sqlalchemy/util/_concurrency_py3k.py", line 196, in greenlet_spawn
    value = await result
            ^^^^^^^^^^^^
  File "/Users/aleksandrvilcinskas/Desktop/Lani/personal-ai-assistant/services/orchestrator/.venv/lib/python3.13/site-packages/aiosqlite/cursor.py", line 40, in execute
    await self._execute(self._cursor.execute, sql, parameters)
  File "/Users/aleksandrvilcinskas/Desktop/Lani/personal-ai-assistant/services/orchestrator/.venv/lib/python3.13/site-packages/aiosqlite/cursor.py", line 32, in _execute
    return await self._conn._execute(fn, *args, **kwargs)
           ^^^^^^^^^^^^^^^^^^^^^^^^^^^^^^^^^^^^^^^^^^^^^^
  File "/Users/aleksandrvilcinskas/Desktop/Lani/personal-ai-assistant/services/orchestrator/.venv/lib/python3.13/site-packages/aiosqlite/core.py", line 160, in _execute
    return await future
           ^^^^^^^^^^^^
  File "/Users/aleksandrvilcinskas/Desktop/Lani/personal-ai-assistant/services/orchestrator/.venv/lib/python3.13/site-packages/aiosqlite/core.py", line 63, in _connection_worker_thread
    result = function()
sqlalchemy.exc.OperationalError: (sqlite3.OperationalError) no such column: user_settings.ui_language
[SQL: SELECT user_settings.id, user_settings.allowed_directories, user_settings.preferred_language, user_settings.ui_language, user_settings.assistant_language, user_settings.speech_recognition_language, user_settings.speech_output_language, user_settings.multilingual_enabled, user_settings.tts_enabled, user_settings.tts_voice, user_settings.voice_enabled, user_settings.speaker_verification_enabled, user_settings.voice_lock_enabled, user_settings.security_mode, user_settings.fallback_pin_enabled, user_settings.fallback_passphrase_enabled, user_settings.fallback_pin_hash, user_settings.fallback_passphrase_hint, user_settings.allow_text_access_without_voice_verification, user_settings.require_verification_for_sensitive_actions_only, user_settings.max_failed_voice_attempts, user_settings.lock_on_failed_verification, user_settings.first_run_complete, user_settings.failed_voice_attempts 
FROM user_settings 
WHERE user_settings.id = ?]
[parameters: (1,)]
(Background on this error at: https://sqlalche.me/e/20/e3q8)
INFO:     Shutting down
INFO:     Waiting for application shutdown.
INFO:     Application shutdown complete.
INFO:     Finished server process [45052]
INFO:     Stopping reloader process [42895]
